<?xml version="1.0" encoding="UTF-8"?>
<!-- Generated by org.testng.reporters.JUnitReportReporter -->
<testsuite hostname="DESKTOP-CPNFTH3" failures="0" tests="4" name="TestNGDemos.OrangeHRMTest" time="10.809" errors="0" timestamp="2024-11-21T20:04:40 IST" skipped="0">
  <testcase classname="TestNGDemos.OrangeHRMTest" name="openApp" time="3.187"/>
  <testcase classname="TestNGDemos.OrangeHRMTest" name="testLogo" time="1.069"/>
  <testcase classname="TestNGDemos.OrangeHRMTest" name="login" time="1.435"/>
  <testcase classname="TestNGDemos.OrangeHRMTest" name="logout" time="5.118"/>
</testsuite> <!-- TestNGDemos.OrangeHRMTest -->
