<?xml version="1.0" encoding="UTF-8"?>
<!-- Generated by org.testng.reporters.JUnitReportReporter -->
<testsuite hostname="DESKTOP-CPNFTH3" failures="0" tests="3" name="TestNGDemos.FirstTestCase" time="8.031" errors="0" timestamp="2024-11-21T20:04:40 IST" skipped="0">
  <testcase classname="TestNGDemos.FirstTestCase" name="openapp" time="1.746"/>
  <testcase classname="TestNGDemos.FirstTestCase" name="login" time="1.137"/>
  <testcase classname="TestNGDemos.FirstTestCase" name="logout" time="5.148"/>
</testsuite> <!-- TestNGDemos.FirstTestCase -->
