<?xml version="1.0" encoding="UTF-8"?>
<!-- Generated by org.testng.reporters.JUnitReportReporter -->
<testsuite hostname="DESKTOP-CPNFTH3" failures="0" tests="3" name="TestNGDemos.FirstTestCase" time="7.694" errors="0" timestamp="2024-11-22T02:24:00 IST" skipped="0">
  <testcase classname="TestNGDemos.FirstTestCase" name="openapp" time="1.681"/>
  <testcase classname="TestNGDemos.FirstTestCase" name="login" time="0.922"/>
  <testcase classname="TestNGDemos.FirstTestCase" name="logout" time="5.091"/>
</testsuite> <!-- TestNGDemos.FirstTestCase -->
