<?xml version="1.0" encoding="UTF-8"?>
<!-- Generated by org.testng.reporters.JUnitReportReporter -->
<testsuite hostname="DESKTOP-CPNFTH3" failures="0" tests="4" name="TestNGDemos.OrangeHRMTest" time="8.741" errors="0" timestamp="2024-11-22T02:24:00 IST" skipped="0">
  <testcase classname="TestNGDemos.OrangeHRMTest" name="openApp" time="2.873"/>
  <testcase classname="TestNGDemos.OrangeHRMTest" name="testLogo" time="0.545"/>
  <testcase classname="TestNGDemos.OrangeHRMTest" name="login" time="0.235"/>
  <testcase classname="TestNGDemos.OrangeHRMTest" name="logout" time="5.088"/>
</testsuite> <!-- TestNGDemos.OrangeHRMTest -->
